<?xml version="1.0" encoding="UTF-8"?>
<testsuite xmlns:xsi="http://www.w3.org/2001/XMLSchema-instance" xsi:noNamespaceSchemaLocation="https://maven.apache.org/surefire/maven-surefire-plugin/xsd/surefire-test-report.xsd" name="com.p2plending.risk.handler.CreditScoreHandlerTest" time="0.001" tests="4" errors="0" skipped="0" failures="0">
  <properties>
[...]
</properties>
  <testcase name="shouldRejectWhenCreditScoreIsAtBoundary" classname="com.p2plending.risk.handler.CreditScoreHandlerTest" time="0"/>
  <testcase name="shouldPassToNextHandlerWhenApproved" classname="com.p2plending.risk.handler.CreditScoreHandlerTest" time="0"/>
  <testcase name="shouldRejectWhenCreditScoreIsBelowMinimum" classname="com.p2plending.risk.handler.CreditScoreHandlerTest" time="0"/>
  <testcase name="shouldPassWhenCreditScoreIsAboveMinimum" classname="com.p2plending.risk.handler.CreditScoreHandlerTest" time="0"/>
</testsuite>